2019-11-15 13:47:01,955 INFO  - -------------Starting Job 1737056873183168 Logger-------------
2019-11-15 13:47:01,955 INFO  - Notice sended, jobId = 1737056873183168, status = download, code = null, message = null, usage = null
2019-11-15 13:47:08,434 INFO  - File downloaded, size = -1, cost = 6,448
2019-11-15 13:47:08,449 INFO  - Notice sended, jobId = 1737056873183168, status = execute, code = null, message = null, usage = null
2019-11-15 13:47:08,449 INFO  - worker command = [python -u C:\Job\worker\local-databag\20190903-1bd4a0-1\framework/worker.py --workflow localpack/localpack.json --input "C:\Job\wd\1737056873183168\input\c6330ba6143107f420d91ecd59001359.zip" --config "C:\Job\wd\1737056873183168\input\config.json" --output "C:\Job\wd\1737056873183168\0aa0eb63c9d0b617e308e37321340e7b"], job id = 1737056873183168
2019-11-15 13:47:08,559 INFO  - WORKER OUTPUT: 3.6.1 (v3.6.1:69c0db5, Mar 21 2017, 18:41:36) [MSC v.1900 64 bit (AMD64)]
2019-11-15 13:47:08,559 INFO  - WORKER OUTPUT: sys.version_info(major=3, minor=6, micro=1, releaselevel='final', serial=0)
2019-11-15 13:47:08,559 INFO  - WORKER OUTPUT: C:\Job\wd\1737056873183168\input\config.json
2019-11-15 13:47:08,559 INFO  - WORKER OUTPUT: Namespace(config=<__main__.CustomConfig object at 0x0000026322F61668>, configPath='C:\\Job\\wd\\1737056873183168\\input\\config.json', input='C:\\Job\\wd\\1737056873183168\\input\\c6330ba6143107f420d91ecd59001359.zip', links=None, maxLevel=None, maxTime=None, model='', output='C:\\Job\\wd\\1737056873183168\\0aa0eb63c9d0b617e308e37321340e7b', rule=None, workflow='localpack/localpack.json')
2019-11-15 13:47:08,559 INFO  - WORKER OUTPUT: {}
2019-11-15 13:47:08,559 INFO  - WORKER OUTPUT: >> WORKFLOW: localpack/localpack.json
2019-11-15 13:47:08,559 INFO  - WORKER OUTPUT: C:\Job\worker\local-databag\20190903-1bd4a0-1\7zip
2019-11-15 13:47:08,575 INFO  - WORKER OUTPUT: C:\Job\worker\local-databag\20190903-1bd4a0-1\localpack
2019-11-15 13:47:08,621 INFO  - WORKER OUTPUT: ___________________________________________
2019-11-15 13:47:08,621 INFO  - WORKER OUTPUT: >> TASK START: localpack
2019-11-15 13:47:08,621 INFO  - WORKER OUTPUT: Unzip: C:\Job\wd\1737056873183168\input\c6330ba6143107f420d91ecd59001359.zip -> C:\Job\wd\1737056873183168\0aa0eb63c9d0b617e308e37321340e7b
2019-11-15 13:47:08,653 INFO  - WORKER OUTPUT: 
2019-11-15 13:47:08,653 INFO  - WORKER OUTPUT: 7-Zip [32] 16.02 : Copyright (c) 1999-2016 Igor Pavlov : 2016-05-21
2019-11-15 13:47:08,653 INFO  - WORKER OUTPUT: 
2019-11-15 13:47:08,653 INFO  - WORKER OUTPUT: Scanning the drive for archives:
2019-11-15 13:47:08,653 INFO  - WORKER OUTPUT: 1 file, 190694029 bytes (182 MiB)
2019-11-15 13:47:08,653 INFO  - WORKER OUTPUT: 
2019-11-15 13:47:08,653 INFO  - WORKER OUTPUT: Extracting archive: C:\Job\wd\1737056873183168\input\c6330ba6143107f420d91ecd59001359.zip
2019-11-15 13:47:12,860 INFO  - WORKER OUTPUT: --
2019-11-15 13:47:12,860 INFO  - WORKER OUTPUT: Path = C:\Job\wd\1737056873183168\input\c6330ba6143107f420d91ecd59001359.zip
2019-11-15 13:47:12,860 INFO  - WORKER OUTPUT: Type = zip
2019-11-15 13:47:12,860 INFO  - WORKER OUTPUT: Physical Size = 190694029
2019-11-15 13:47:12,860 INFO  - WORKER OUTPUT: 
2019-11-15 13:47:12,876 INFO  - WORKER OUTPUT: Everything is Ok
2019-11-15 13:47:12,876 INFO  - WORKER OUTPUT: 
2019-11-15 13:47:12,876 INFO  - WORKER OUTPUT: Folders: 35
2019-11-15 13:47:12,876 INFO  - WORKER OUTPUT: Files: 861
2019-11-15 13:47:12,876 INFO  - WORKER OUTPUT: Size:       248622311
2019-11-15 13:47:12,876 INFO  - WORKER OUTPUT: Compressed: 190694029
2019-11-15 13:47:12,876 INFO  - WORKER OUTPUT: Download: https://static.bimface.com/api/BimfaceSDKLoader/BimfaceSDKLoader@latest-release.js -> C:\Job\wd\1737056873183168\0aa0eb63c9d0b617e308e37321340e7b\jssdk\BimfaceSDKLoader@latest-release.js
2019-11-15 13:47:13,095 INFO  - WORKER OUTPUT: Download: https://static.bimface.com/api/Glodon/Bimface@3.6.36.zip -> C:\Job\wd\1737056873183168\input\Bimface@3.6.36.zip
2019-11-15 13:47:13,376 INFO  - WORKER OUTPUT: Unzip: C:\Job\wd\1737056873183168\input\Bimface@3.6.36.zip -> C:\Job\wd\1737056873183168\0aa0eb63c9d0b617e308e37321340e7b\jssdk
2019-11-15 13:47:13,408 INFO  - WORKER OUTPUT: 
2019-11-15 13:47:13,408 INFO  - WORKER OUTPUT: 7-Zip [32] 16.02 : Copyright (c) 1999-2016 Igor Pavlov : 2016-05-21
2019-11-15 13:47:13,408 INFO  - WORKER OUTPUT: 
2019-11-15 13:47:13,408 INFO  - WORKER OUTPUT: Scanning the drive for archives:
2019-11-15 13:47:13,408 INFO  - WORKER OUTPUT: 1 file, 1676712 bytes (1638 KiB)
2019-11-15 13:47:13,408 INFO  - WORKER OUTPUT: 
2019-11-15 13:47:13,408 INFO  - WORKER OUTPUT: Extracting archive: C:\Job\wd\1737056873183168\input\Bimface@3.6.36.zip
2019-11-15 13:47:13,502 INFO  - WORKER OUTPUT: --
2019-11-15 13:47:13,502 INFO  - WORKER OUTPUT: Path = C:\Job\wd\1737056873183168\input\Bimface@3.6.36.zip
2019-11-15 13:47:13,502 INFO  - WORKER OUTPUT: Type = zip
2019-11-15 13:47:13,502 INFO  - WORKER OUTPUT: Physical Size = 1676712
2019-11-15 13:47:13,502 INFO  - WORKER OUTPUT: 
2019-11-15 13:47:13,502 INFO  - WORKER OUTPUT: Everything is Ok
2019-11-15 13:47:13,502 INFO  - WORKER OUTPUT: 
2019-11-15 13:47:13,502 INFO  - WORKER OUTPUT: Folders: 5
2019-11-15 13:47:13,502 INFO  - WORKER OUTPUT: Files: 36
2019-11-15 13:47:13,517 INFO  - WORKER OUTPUT: Size:       8522912
2019-11-15 13:47:13,517 INFO  - WORKER OUTPUT: Compressed: 1676712
2019-11-15 13:47:13,517 INFO  - WORKER OUTPUT: Download: https://static.bimface.com/api/Glodon/Drawing@1.6.34.zip -> C:\Job\wd\1737056873183168\input\Drawing@1.6.34.zip
2019-11-15 13:47:13,674 INFO  - WORKER OUTPUT: Unzip: C:\Job\wd\1737056873183168\input\Drawing@1.6.34.zip -> C:\Job\wd\1737056873183168\0aa0eb63c9d0b617e308e37321340e7b\jssdk
2019-11-15 13:47:13,689 INFO  - WORKER OUTPUT: 
2019-11-15 13:47:13,689 INFO  - WORKER OUTPUT: 7-Zip [32] 16.02 : Copyright (c) 1999-2016 Igor Pavlov : 2016-05-21
2019-11-15 13:47:13,689 INFO  - WORKER OUTPUT: 
2019-11-15 13:47:13,689 INFO  - WORKER OUTPUT: Scanning the drive for archives:
2019-11-15 13:47:13,689 INFO  - WORKER OUTPUT: 1 file, 1549822 bytes (1514 KiB)
2019-11-15 13:47:13,689 INFO  - WORKER OUTPUT: 
2019-11-15 13:47:13,705 INFO  - WORKER OUTPUT: Extracting archive: C:\Job\wd\1737056873183168\input\Drawing@1.6.34.zip
2019-11-15 13:47:13,767 INFO  - WORKER OUTPUT: --
2019-11-15 13:47:13,767 INFO  - WORKER OUTPUT: Path = C:\Job\wd\1737056873183168\input\Drawing@1.6.34.zip
2019-11-15 13:47:13,767 INFO  - WORKER OUTPUT: Type = zip
2019-11-15 13:47:13,767 INFO  - WORKER OUTPUT: Physical Size = 1549822
2019-11-15 13:47:13,767 INFO  - WORKER OUTPUT: 
2019-11-15 13:47:13,767 INFO  - WORKER OUTPUT: Everything is Ok
2019-11-15 13:47:13,767 INFO  - WORKER OUTPUT: 
2019-11-15 13:47:13,783 INFO  - WORKER OUTPUT: Folders: 1
2019-11-15 13:47:13,783 INFO  - WORKER OUTPUT: Files: 19
2019-11-15 13:47:13,783 INFO  - WORKER OUTPUT: Size:       7164545
2019-11-15 13:47:13,783 INFO  - WORKER OUTPUT: Compressed: 1549822
2019-11-15 13:47:13,783 INFO  - WORKER OUTPUT: Download: https://api.bimface.com/data/internal/files/1737035989092000/tree?v=2.0 -> C:\Job\wd\1737056873183168\0aa0eb63c9d0b617e308e37321340e7b\c6330ba6143107f420d91ecd59001359\data\tree.json
2019-11-15 13:47:14,096 INFO  - WORKER OUTPUT: Download: https://api.bimface.com/data/internal/files/1737035989092000/floors?includeArea=true&includeRoom=true -> C:\Job\wd\1737056873183168\0aa0eb63c9d0b617e308e37321340e7b\c6330ba6143107f420d91ecd59001359\data\spaces.json
2019-11-15 13:47:14,190 INFO  - WORKER OUTPUT: Download: https://api.bimface.com/data/internal/files/1737035989092000/drawingsheets -> C:\Job\wd\1737056873183168\0aa0eb63c9d0b617e308e37321340e7b\c6330ba6143107f420d91ecd59001359\data\drawingsheets.json
2019-11-15 13:47:14,643 INFO  - WORKER OUTPUT: C:\Job\wd\1737056873183168\0aa0eb63c9d0b617e308e37321340e7b\c6330ba6143107f420d91ecd59001359\property\modeldrive.db
2019-11-15 13:47:14,659 INFO  - WORKER OUTPUT: Run MDB to JSON£º
2019-11-15 13:47:14,659 INFO  - WORKER OUTPUT: C:\Job\worker\local-databag\20190903-1bd4a0-1\localpack\bin/mdb2json.exe --input "C:\Job\wd\1737056873183168\0aa0eb63c9d0b617e308e37321340e7b\c6330ba6143107f420d91ecd59001359\property\modeldrive.db" --output "C:\Job\wd\1737056873183168\0aa0eb63c9d0b617e308e37321340e7b\c6330ba6143107f420d91ecd59001359\property"
2019-11-15 13:47:17,630 INFO  - WORKER OUTPUT: Writte to the Value.json.gz successfully!
2019-11-15 13:47:18,083 INFO  - WORKER OUTPUT: Writte to the Schema.json.gz successfully!
2019-11-15 13:47:21,038 INFO  - WORKER OUTPUT: write to the Families.json.gz successfully!
2019-11-15 13:47:21,038 INFO  - WORKER OUTPUT: write to the FamilyTypeProperties.json.gz successfully!
2019-11-15 13:47:21,038 INFO  - WORKER OUTPUT: write to the Elements.json.gz successfully!
2019-11-15 13:47:21,038 INFO  - WORKER OUTPUT: write to the ElementProperties.json.gz successfully!
2019-11-15 13:47:21,038 INFO  - WORKER OUTPUT: write to the BoundingBox.json.gz successfully!
2019-11-15 13:47:21,038 INFO  - WORKER OUTPUT: db to json done!
2019-11-15 13:47:21,101 INFO  - WORKER OUTPUT: 0
2019-11-15 13:47:21,147 INFO  - WORKER OUTPUT: Clean up models...
2019-11-15 13:47:21,194 INFO  - WORKER OUTPUT: Create viewToken.json
2019-11-15 13:47:21,194 INFO  - WORKER OUTPUT: >> TASK END.
2019-11-15 13:47:21,194 INFO  - WORKER OUTPUT: Worker finished with code 0
2019-11-15 13:47:21,288 INFO  - Notice sended, jobId = 1737056873183168, status = upload, code = null, message = null, usage = null
